2017-11-14 10:37:58.551 [main] [INFO ]  org.springframework.context.support.ClassPathXmlApplicationContext {AbstractApplicationContext.java:583} - Refreshing org.springframework.context.support.ClassPathXmlApplicationContext@79011694: startup date [Tue Nov 14 10:37:58 CST 2017]; root of context hierarchy
2017-11-14 10:37:58.697 [main] [INFO ]  org.springframework.beans.factory.xml.XmlBeanDefinitionReader {XmlBeanDefinitionReader.java:317} - Loading XML bean definitions from class path resource [applicationContext-mq.xml]
2017-11-14 10:37:59.341 [main] [INFO ]  org.springframework.context.support.DefaultLifecycleProcessor {DefaultLifecycleProcessor.java:343} - Starting beans in phase 2147483647
2017-11-14 10:37:59.616 [main] [INFO ]  org.springframework.jms.connection.CachingConnectionFactory {SingleConnectionFactory.java:311} - Established shared JMS Connection: ActiveMQConnection {id=ID:hg-PC-53115-1510627079448-1:1,clientId=null,started=false}
2017-11-14 10:49:48.194 [main] [INFO ]  org.springframework.context.support.ClassPathXmlApplicationContext {AbstractApplicationContext.java:583} - Refreshing org.springframework.context.support.ClassPathXmlApplicationContext@2b977d1b: startup date [Tue Nov 14 10:49:48 CST 2017]; root of context hierarchy
2017-11-14 10:49:48.303 [main] [INFO ]  org.springframework.beans.factory.xml.XmlBeanDefinitionReader {XmlBeanDefinitionReader.java:317} - Loading XML bean definitions from class path resource [applicationContext-mq.xml]
2017-11-14 10:49:48.849 [main] [INFO ]  org.springframework.context.support.DefaultLifecycleProcessor {DefaultLifecycleProcessor.java:343} - Starting beans in phase 2147483647
2017-11-14 10:49:49.083 [main] [INFO ]  org.springframework.jms.connection.CachingConnectionFactory {SingleConnectionFactory.java:311} - Established shared JMS Connection: ActiveMQConnection {id=ID:hg-PC-53408-1510627788974-1:1,clientId=null,started=false}
2017-11-14 10:50:21.697 [main] [INFO ]  org.springframework.context.support.ClassPathXmlApplicationContext {AbstractApplicationContext.java:583} - Refreshing org.springframework.context.support.ClassPathXmlApplicationContext@4eb754b0: startup date [Tue Nov 14 10:50:21 CST 2017]; root of context hierarchy
2017-11-14 10:50:21.806 [main] [INFO ]  org.springframework.beans.factory.xml.XmlBeanDefinitionReader {XmlBeanDefinitionReader.java:317} - Loading XML bean definitions from class path resource [applicationContext-mq.xml]
2017-11-14 10:50:22.383 [main] [INFO ]  org.springframework.context.support.DefaultLifecycleProcessor {DefaultLifecycleProcessor.java:343} - Starting beans in phase 2147483647
2017-11-14 10:50:22.617 [main] [INFO ]  org.springframework.jms.connection.CachingConnectionFactory {SingleConnectionFactory.java:311} - Established shared JMS Connection: ActiveMQConnection {id=ID:hg-PC-53458-1510627822492-1:1,clientId=null,started=false}
2017-11-14 15:00:44.720 [main] [INFO ]  org.springframework.test.context.support.DefaultTestContextBootstrapper {AbstractTestContextBootstrapper.java:260} - Loaded default TestExecutionListener class names from location [META-INF/spring.factories]: [org.springframework.test.context.web.ServletTestExecutionListener, org.springframework.test.context.support.DirtiesContextBeforeModesTestExecutionListener, org.springframework.test.context.support.DependencyInjectionTestExecutionListener, org.springframework.test.context.support.DirtiesContextTestExecutionListener, org.springframework.test.context.transaction.TransactionalTestExecutionListener, org.springframework.test.context.jdbc.SqlScriptsTestExecutionListener]
2017-11-14 15:00:44.751 [main] [INFO ]  org.springframework.test.context.support.DefaultTestContextBootstrapper {AbstractTestContextBootstrapper.java:209} - Could not instantiate TestExecutionListener [org.springframework.test.context.web.ServletTestExecutionListener]. Specify custom listener classes or make the default listener classes (and their required dependencies) available. Offending class: [javax/servlet/ServletContext]
2017-11-14 15:00:44.891 [main] [INFO ]  org.springframework.test.context.support.DefaultTestContextBootstrapper {AbstractTestContextBootstrapper.java:187} - Using TestExecutionListeners: [org.springframework.test.context.support.DirtiesContextBeforeModesTestExecutionListener@3f4ddd67, org.springframework.test.context.support.DependencyInjectionTestExecutionListener@1102b5a9, org.springframework.test.context.support.DirtiesContextTestExecutionListener@48e472f8, org.springframework.test.context.transaction.TransactionalTestExecutionListener@e381d2b, org.springframework.test.context.jdbc.SqlScriptsTestExecutionListener@602f958]
2017-11-14 15:00:45.267 [main] [INFO ]  org.springframework.beans.factory.xml.XmlBeanDefinitionReader {XmlBeanDefinitionReader.java:317} - Loading XML bean definitions from class path resource [applicationContext-mq.xml]
2017-11-14 15:00:45.844 [main] [INFO ]  org.springframework.context.support.GenericApplicationContext {AbstractApplicationContext.java:583} - Refreshing org.springframework.context.support.GenericApplicationContext@1e50867d: startup date [Tue Nov 14 15:00:45 CST 2017]; root of context hierarchy
2017-11-14 15:00:46.547 [main] [INFO ]  org.springframework.context.support.DefaultLifecycleProcessor {DefaultLifecycleProcessor.java:343} - Starting beans in phase 2147483647
2017-11-14 15:00:46.859 [main] [INFO ]  org.springframework.jms.connection.CachingConnectionFactory {SingleConnectionFactory.java:311} - Established shared JMS Connection: ActiveMQConnection {id=ID:hg-PC-56002-1510642846719-1:1,clientId=null,started=false}
2017-11-14 15:00:46.921 [Thread-2] [INFO ]  org.springframework.context.support.GenericApplicationContext {AbstractApplicationContext.java:984} - Closing org.springframework.context.support.GenericApplicationContext@1e50867d: startup date [Tue Nov 14 15:00:45 CST 2017]; root of context hierarchy
2017-11-14 15:00:46.921 [Thread-2] [INFO ]  org.springframework.context.support.DefaultLifecycleProcessor {DefaultLifecycleProcessor.java:358} - Stopping beans in phase 2147483647
2017-11-14 15:06:09.747 [main] [INFO ]  org.springframework.context.support.ClassPathXmlApplicationContext {AbstractApplicationContext.java:583} - Refreshing org.springframework.context.support.ClassPathXmlApplicationContext@66cd1779: startup date [Tue Nov 14 15:06:09 CST 2017]; root of context hierarchy
2017-11-14 15:06:09.840 [main] [INFO ]  org.springframework.beans.factory.xml.XmlBeanDefinitionReader {XmlBeanDefinitionReader.java:317} - Loading XML bean definitions from class path resource [applicationContext-mq.xml]
2017-11-14 15:06:10.465 [main] [INFO ]  org.springframework.context.support.DefaultLifecycleProcessor {DefaultLifecycleProcessor.java:343} - Starting beans in phase 2147483647
2017-11-14 15:06:10.685 [main] [INFO ]  org.springframework.jms.connection.CachingConnectionFactory {SingleConnectionFactory.java:311} - Established shared JMS Connection: ActiveMQConnection {id=ID:hg-PC-56058-1510643170560-1:1,clientId=null,started=false}
2017-11-14 15:07:14.253 [main] [INFO ]  org.springframework.context.support.ClassPathXmlApplicationContext {AbstractApplicationContext.java:583} - Refreshing org.springframework.context.support.ClassPathXmlApplicationContext@66cd1779: startup date [Tue Nov 14 15:07:14 CST 2017]; root of context hierarchy
2017-11-14 15:07:14.425 [main] [INFO ]  org.springframework.beans.factory.xml.XmlBeanDefinitionReader {XmlBeanDefinitionReader.java:317} - Loading XML bean definitions from class path resource [applicationContext-mq.xml]
2017-11-14 15:07:14.971 [main] [INFO ]  org.springframework.context.support.DefaultLifecycleProcessor {DefaultLifecycleProcessor.java:343} - Starting beans in phase 2147483647
2017-11-14 15:07:15.205 [main] [INFO ]  org.springframework.jms.connection.CachingConnectionFactory {SingleConnectionFactory.java:311} - Established shared JMS Connection: ActiveMQConnection {id=ID:hg-PC-56096-1510643235080-1:1,clientId=null,started=false}
2017-11-14 15:11:16.917 [main] [INFO ]  org.springframework.context.support.ClassPathXmlApplicationContext {AbstractApplicationContext.java:583} - Refreshing org.springframework.context.support.ClassPathXmlApplicationContext@22c03da9: startup date [Tue Nov 14 15:11:16 CST 2017]; root of context hierarchy
2017-11-14 15:11:17.026 [main] [INFO ]  org.springframework.beans.factory.xml.XmlBeanDefinitionReader {XmlBeanDefinitionReader.java:317} - Loading XML bean definitions from class path resource [applicationContext-mq.xml]
2017-11-14 15:11:17.573 [main] [INFO ]  org.springframework.context.support.DefaultLifecycleProcessor {DefaultLifecycleProcessor.java:343} - Starting beans in phase 2147483647
2017-11-14 15:11:17.791 [main] [INFO ]  org.springframework.jms.connection.CachingConnectionFactory {SingleConnectionFactory.java:311} - Established shared JMS Connection: ActiveMQConnection {id=ID:hg-PC-56259-1510643477666-1:1,clientId=null,started=false}
